[2021-12-01 14:17:45] (ERROR @ C:\!Genesys_archives\M-Denta\Layout\release\core\model\modx\modx.class.php : 1772) Processor C:/!Genesys_archives/M-Denta/Layout/release/core/model/modx/processors/element/template/templatevar/getlist.php does not exist; Array
(
    [action] => element/template/templatevar/getlist
)

[2021-12-01 14:17:59] (ERROR @ C:\!Genesys_archives\M-Denta\Layout\release\core\xpdo\xpdo.class.php : 644) Could not load class: MODX\Revolution\modTemplate from mysql.modx\revolution\modtemplate.
[2021-12-01 14:17:59] (ERROR @ C:\!Genesys_archives\M-Denta\Layout\release\core\xpdo\xpdo.class.php : 1656) Could not load class MODX\Revolution\modTemplate!
[2021-12-01 14:17:59] (ERROR @ C:\!Genesys_archives\M-Denta\Layout\release\core\xpdo\xpdo.class.php : 644) Could not load class: MODX\Revolution\modTemplate from mysql.modx\revolution\modtemplate.
[2021-12-01 14:17:59] (ERROR @ C:\!Genesys_archives\M-Denta\Layout\release\core\xpdo\xpdo.class.php : 762) MODX\Revolution\modTemplate::load() is not a valid static method.
[2021-12-01 14:18:12] (ERROR @ C:\!Genesys_archives\M-Denta\Layout\release\core\model\modx\modx.class.php : 1772) Processor C:/!Genesys_archives/M-Denta/Layout/release/core/model/modx/processors/element/template/templatevar/getlist.php does not exist; Array
(
    [action] => element/template/templatevar/getlist
)

[2021-12-01 14:18:17] (ERROR in xPDO::getService @ C:\!Genesys_archives\M-Denta\Layout\release\core\xpdo\xpdo.class.php : 1235) modRestClient::__construct is deprecated since version 2.3.0. Use the modRest classes instead.
[2021-12-01 14:18:17] (ERROR in xPDO::getService @ C:\!Genesys_archives\M-Denta\Layout\release\core\xpdo\xpdo.class.php : 1235) modRestClient::__construct is deprecated since version 2.3.0. Use the modRest classes instead.
[2021-12-01 14:18:17] (ERROR in modRestCurlClient::__construct @ C:\!Genesys_archives\M-Denta\Layout\release\core\model\modx\rest\modrestcurlclient.class.php : 26) modRestClient::__construct is deprecated since version 2.3.0. Use the modRest classes instead.
[2021-12-01 14:18:17] (ERROR in modRestCurlClient::__construct @ C:\!Genesys_archives\M-Denta\Layout\release\core\model\modx\rest\modrestcurlclient.class.php : 26) modRestClient::__construct is deprecated since version 2.3.0. Use the modRest classes instead.
[2021-12-01 14:20:23] (ERROR @ C:\!Genesys_archives\M-Denta\Layout\release\core\model\modx\modx.class.php : 1772) Processor C:/!Genesys_archives/M-Denta/Layout/release/core/model/modx/processors/element/template/templatevar/getlist.php does not exist; Array
(
    [action] => element/template/templatevar/getlist
)

[2021-12-01 14:25:29] (ERROR @ C:\!Genesys_archives\M-Denta\Layout\release\core\xpdo\xpdo.class.php : 644) Could not load class: MODX\Revolution\modTemplate from mysql.modx\revolution\modtemplate.
[2021-12-01 14:25:29] (ERROR @ C:\!Genesys_archives\M-Denta\Layout\release\core\xpdo\xpdo.class.php : 1656) Could not load class MODX\Revolution\modTemplate!
[2021-12-01 14:25:29] (ERROR @ C:\!Genesys_archives\M-Denta\Layout\release\core\xpdo\xpdo.class.php : 644) Could not load class: MODX\Revolution\modTemplate from mysql.modx\revolution\modtemplate.
[2021-12-01 14:25:29] (ERROR @ C:\!Genesys_archives\M-Denta\Layout\release\core\xpdo\xpdo.class.php : 762) MODX\Revolution\modTemplate::load() is not a valid static method.
[2021-12-01 14:25:49] (ERROR @ C:\!Genesys_archives\M-Denta\Layout\release\core\model\modx\modx.class.php : 1772) Processor C:/!Genesys_archives/M-Denta/Layout/release/core/model/modx/processors/element/template/templatevar/getlist.php does not exist; Array
(
    [action] => element/template/templatevar/getlist
)

[2021-12-01 14:25:59] (ERROR in xPDO::getService @ C:\!Genesys_archives\M-Denta\Layout\release\core\xpdo\xpdo.class.php : 1235) modRestClient::__construct is deprecated since version 2.3.0. Use the modRest classes instead.
[2021-12-01 14:25:59] (ERROR in modRestCurlClient::__construct @ C:\!Genesys_archives\M-Denta\Layout\release\core\model\modx\rest\modrestcurlclient.class.php : 26) modRestClient::__construct is deprecated since version 2.3.0. Use the modRest classes instead.
[2021-12-01 14:25:59] (ERROR in xPDO::getService @ C:\!Genesys_archives\M-Denta\Layout\release\core\xpdo\xpdo.class.php : 1235) modRestClient::__construct is deprecated since version 2.3.0. Use the modRest classes instead.
[2021-12-01 14:25:59] (ERROR in modRestCurlClient::__construct @ C:\!Genesys_archives\M-Denta\Layout\release\core\model\modx\rest\modrestcurlclient.class.php : 26) modRestClient::__construct is deprecated since version 2.3.0. Use the modRest classes instead.
[2021-12-01 14:26:00] (ERROR in xPDO::getService @ C:\!Genesys_archives\M-Denta\Layout\release\core\xpdo\xpdo.class.php : 1235) modRestClient::__construct is deprecated since version 2.3.0. Use the modRest classes instead.
[2021-12-01 14:26:00] (ERROR in modRestCurlClient::__construct @ C:\!Genesys_archives\M-Denta\Layout\release\core\model\modx\rest\modrestcurlclient.class.php : 26) modRestClient::__construct is deprecated since version 2.3.0. Use the modRest classes instead.
[2021-12-01 14:26:00] (ERROR in xPDO::getService @ C:\!Genesys_archives\M-Denta\Layout\release\core\xpdo\xpdo.class.php : 1235) modRestClient::__construct is deprecated since version 2.3.0. Use the modRest classes instead.
[2021-12-01 14:26:00] (ERROR in modRestCurlClient::__construct @ C:\!Genesys_archives\M-Denta\Layout\release\core\model\modx\rest\modrestcurlclient.class.php : 26) modRestClient::__construct is deprecated since version 2.3.0. Use the modRest classes instead.
[2021-12-01 14:26:06] (ERROR in xPDO::getService @ C:\!Genesys_archives\M-Denta\Layout\release\core\xpdo\xpdo.class.php : 1235) modRestClient::__construct is deprecated since version 2.3.0. Use the modRest classes instead.
[2021-12-01 14:26:06] (ERROR in modRestCurlClient::__construct @ C:\!Genesys_archives\M-Denta\Layout\release\core\model\modx\rest\modrestcurlclient.class.php : 26) modRestClient::__construct is deprecated since version 2.3.0. Use the modRest classes instead.
[2021-12-01 14:26:09] (ERROR in xPDO::getService @ C:\!Genesys_archives\M-Denta\Layout\release\core\xpdo\xpdo.class.php : 1235) modRestClient::__construct is deprecated since version 2.3.0. Use the modRest classes instead.
[2021-12-01 14:26:09] (ERROR in modRestCurlClient::__construct @ C:\!Genesys_archives\M-Denta\Layout\release\core\model\modx\rest\modrestcurlclient.class.php : 26) modRestClient::__construct is deprecated since version 2.3.0. Use the modRest classes instead.
[2021-12-01 14:26:15] (ERROR in xPDO::getService @ C:\!Genesys_archives\M-Denta\Layout\release\core\xpdo\xpdo.class.php : 1235) modRestClient::__construct is deprecated since version 2.3.0. Use the modRest classes instead.
[2021-12-01 14:26:15] (ERROR in modRestCurlClient::__construct @ C:\!Genesys_archives\M-Denta\Layout\release\core\model\modx\rest\modrestcurlclient.class.php : 26) modRestClient::__construct is deprecated since version 2.3.0. Use the modRest classes instead.
[2021-12-01 14:26:15] (ERROR in xPDO::getService @ C:\!Genesys_archives\M-Denta\Layout\release\core\xpdo\xpdo.class.php : 1235) modRestClient::__construct is deprecated since version 2.3.0. Use the modRest classes instead.
[2021-12-01 14:26:15] (ERROR in modRestCurlClient::__construct @ C:\!Genesys_archives\M-Denta\Layout\release\core\model\modx\rest\modrestcurlclient.class.php : 26) modRestClient::__construct is deprecated since version 2.3.0. Use the modRest classes instead.
[2021-12-01 14:26:38] (ERROR in xPDO::getService @ C:\!Genesys_archives\M-Denta\Layout\release\core\xpdo\xpdo.class.php : 1235) modRestClient::__construct is deprecated since version 2.3.0. Use the modRest classes instead.
[2021-12-01 14:26:38] (ERROR in modRestCurlClient::__construct @ C:\!Genesys_archives\M-Denta\Layout\release\core\model\modx\rest\modrestcurlclient.class.php : 26) modRestClient::__construct is deprecated since version 2.3.0. Use the modRest classes instead.
[2021-12-01 14:26:43] (ERROR in xPDO::getService @ C:\!Genesys_archives\M-Denta\Layout\release\core\xpdo\xpdo.class.php : 1235) modRestClient::__construct is deprecated since version 2.3.0. Use the modRest classes instead.
[2021-12-01 14:26:43] (ERROR in modRestCurlClient::__construct @ C:\!Genesys_archives\M-Denta\Layout\release\core\model\modx\rest\modrestcurlclient.class.php : 26) modRestClient::__construct is deprecated since version 2.3.0. Use the modRest classes instead.
[2021-12-01 14:26:47] (ERROR in xPDO::getService @ C:\!Genesys_archives\M-Denta\Layout\release\core\xpdo\xpdo.class.php : 1235) modRestClient::__construct is deprecated since version 2.3.0. Use the modRest classes instead.
[2021-12-01 14:26:47] (ERROR in modRestCurlClient::__construct @ C:\!Genesys_archives\M-Denta\Layout\release\core\model\modx\rest\modrestcurlclient.class.php : 26) modRestClient::__construct is deprecated since version 2.3.0. Use the modRest classes instead.
[2021-12-01 14:26:47] (ERROR in xPDO::getService @ C:\!Genesys_archives\M-Denta\Layout\release\core\xpdo\xpdo.class.php : 1235) modRestClient::__construct is deprecated since version 2.3.0. Use the modRest classes instead.
[2021-12-01 14:26:47] (ERROR in modRestCurlClient::__construct @ C:\!Genesys_archives\M-Denta\Layout\release\core\model\modx\rest\modrestcurlclient.class.php : 26) modRestClient::__construct is deprecated since version 2.3.0. Use the modRest classes instead.
[2021-12-01 14:27:28] (ERROR in xPDO::getService @ C:\!Genesys_archives\M-Denta\Layout\release\core\xpdo\xpdo.class.php : 1235) modRestClient::__construct is deprecated since version 2.3.0. Use the modRest classes instead.
[2021-12-01 14:27:28] (ERROR in modRestCurlClient::__construct @ C:\!Genesys_archives\M-Denta\Layout\release\core\model\modx\rest\modrestcurlclient.class.php : 26) modRestClient::__construct is deprecated since version 2.3.0. Use the modRest classes instead.
[2021-12-01 14:27:32] (ERROR in xPDO::getService @ C:\!Genesys_archives\M-Denta\Layout\release\core\xpdo\xpdo.class.php : 1235) modRestClient::__construct is deprecated since version 2.3.0. Use the modRest classes instead.
[2021-12-01 14:27:32] (ERROR in modRestCurlClient::__construct @ C:\!Genesys_archives\M-Denta\Layout\release\core\model\modx\rest\modrestcurlclient.class.php : 26) modRestClient::__construct is deprecated since version 2.3.0. Use the modRest classes instead.
[2021-12-01 14:27:38] (ERROR in xPDO::getService @ C:\!Genesys_archives\M-Denta\Layout\release\core\xpdo\xpdo.class.php : 1235) modRestClient::__construct is deprecated since version 2.3.0. Use the modRest classes instead.
[2021-12-01 14:27:38] (ERROR in modRestCurlClient::__construct @ C:\!Genesys_archives\M-Denta\Layout\release\core\model\modx\rest\modrestcurlclient.class.php : 26) modRestClient::__construct is deprecated since version 2.3.0. Use the modRest classes instead.
[2021-12-01 14:27:38] (ERROR in xPDO::getService @ C:\!Genesys_archives\M-Denta\Layout\release\core\xpdo\xpdo.class.php : 1235) modRestClient::__construct is deprecated since version 2.3.0. Use the modRest classes instead.
[2021-12-01 14:27:38] (ERROR in modRestCurlClient::__construct @ C:\!Genesys_archives\M-Denta\Layout\release\core\model\modx\rest\modrestcurlclient.class.php : 26) modRestClient::__construct is deprecated since version 2.3.0. Use the modRest classes instead.
[2021-12-01 14:28:39] (ERROR in xPDO::getService @ C:\!Genesys_archives\M-Denta\Layout\release\core\xpdo\xpdo.class.php : 1235) modRestClient::__construct is deprecated since version 2.3.0. Use the modRest classes instead.
[2021-12-01 14:28:39] (ERROR in modRestCurlClient::__construct @ C:\!Genesys_archives\M-Denta\Layout\release\core\model\modx\rest\modrestcurlclient.class.php : 26) modRestClient::__construct is deprecated since version 2.3.0. Use the modRest classes instead.
[2021-12-01 14:28:47] (ERROR in xPDO::getService @ C:\!Genesys_archives\M-Denta\Layout\release\core\xpdo\xpdo.class.php : 1235) modRestClient::__construct is deprecated since version 2.3.0. Use the modRest classes instead.
[2021-12-01 14:28:47] (ERROR in modRestCurlClient::__construct @ C:\!Genesys_archives\M-Denta\Layout\release\core\model\modx\rest\modrestcurlclient.class.php : 26) modRestClient::__construct is deprecated since version 2.3.0. Use the modRest classes instead.
[2021-12-01 14:28:56] (ERROR in xPDO::getService @ C:\!Genesys_archives\M-Denta\Layout\release\core\xpdo\xpdo.class.php : 1235) modRestClient::__construct is deprecated since version 2.3.0. Use the modRest classes instead.
[2021-12-01 14:28:56] (ERROR in modRestCurlClient::__construct @ C:\!Genesys_archives\M-Denta\Layout\release\core\model\modx\rest\modrestcurlclient.class.php : 26) modRestClient::__construct is deprecated since version 2.3.0. Use the modRest classes instead.
[2021-12-01 14:29:21] (ERROR @ C:\!Genesys_archives\M-Denta\Layout\release\core\model\modx\modx.class.php : 1772) Processor C:/!Genesys_archives/M-Denta/Layout/release/core/model/modx/processors/element/template/templatevar/getlist.php does not exist; Array
(
    [action] => element/template/templatevar/getlist
)

[2021-12-01 14:50:15] (ERROR @ C:\!Genesys_archives\M-Denta\Layout\release\core\xpdo\xpdo.class.php : 644) Could not load class: MODX\Revolution\modTemplate from mysql.modx\revolution\modtemplate.
[2021-12-01 14:50:15] (ERROR @ C:\!Genesys_archives\M-Denta\Layout\release\core\xpdo\xpdo.class.php : 1656) Could not load class MODX\Revolution\modTemplate!
[2021-12-01 14:50:15] (ERROR @ C:\!Genesys_archives\M-Denta\Layout\release\core\xpdo\xpdo.class.php : 644) Could not load class: MODX\Revolution\modTemplate from mysql.modx\revolution\modtemplate.
[2021-12-01 14:50:15] (ERROR @ C:\!Genesys_archives\M-Denta\Layout\release\core\xpdo\xpdo.class.php : 762) MODX\Revolution\modTemplate::load() is not a valid static method.
[2021-12-01 14:50:30] (ERROR @ C:\!Genesys_archives\M-Denta\Layout\release\core\xpdo\xpdo.class.php : 644) Could not load class: MODX\Revolution\modTemplate from mysql.modx\revolution\modtemplate.
[2021-12-01 14:50:30] (ERROR @ C:\!Genesys_archives\M-Denta\Layout\release\core\xpdo\xpdo.class.php : 1656) Could not load class MODX\Revolution\modTemplate!
[2021-12-01 14:50:30] (ERROR @ C:\!Genesys_archives\M-Denta\Layout\release\core\xpdo\xpdo.class.php : 644) Could not load class: MODX\Revolution\modTemplate from mysql.modx\revolution\modtemplate.
[2021-12-01 14:50:30] (ERROR @ C:\!Genesys_archives\M-Denta\Layout\release\core\xpdo\xpdo.class.php : 762) MODX\Revolution\modTemplate::load() is not a valid static method.
[2021-12-01 14:52:54] (ERROR @ C:\!Genesys_archives\M-Denta\Layout\release\core\model\modx\modx.class.php : 1772) Processor C:/!Genesys_archives/M-Denta/Layout/release/core/model/modx/processors/element/template/templatevar/getlist.php does not exist; Array
(
    [action] => element/template/templatevar/getlist
)

[2021-12-01 14:53:35] (ERROR @ C:\!Genesys_archives\M-Denta\Layout\release\core\xpdo\xpdo.class.php : 644) Could not load class: MODX\Revolution\modTemplate from mysql.modx\revolution\modtemplate.
[2021-12-01 14:53:35] (ERROR @ C:\!Genesys_archives\M-Denta\Layout\release\core\xpdo\xpdo.class.php : 1656) Could not load class MODX\Revolution\modTemplate!
[2021-12-01 14:53:35] (ERROR @ C:\!Genesys_archives\M-Denta\Layout\release\core\xpdo\xpdo.class.php : 644) Could not load class: MODX\Revolution\modTemplate from mysql.modx\revolution\modtemplate.
[2021-12-01 14:53:35] (ERROR @ C:\!Genesys_archives\M-Denta\Layout\release\core\xpdo\xpdo.class.php : 762) MODX\Revolution\modTemplate::load() is not a valid static method.
[2021-12-01 14:56:12] (ERROR @ C:\!Genesys_archives\M-Denta\Layout\release\core\model\modx\modx.class.php : 1772) Processor C:/!Genesys_archives/M-Denta/Layout/release/core/model/modx/processors/element/template/templatevar/getlist.php does not exist; Array
(
    [action] => element/template/templatevar/getlist
)

[2021-12-01 14:56:26] (ERROR @ C:\!Genesys_archives\M-Denta\Layout\release\core\xpdo\xpdo.class.php : 644) Could not load class: MODX\Revolution\modTemplate from mysql.modx\revolution\modtemplate.
[2021-12-01 14:56:26] (ERROR @ C:\!Genesys_archives\M-Denta\Layout\release\core\xpdo\xpdo.class.php : 1656) Could not load class MODX\Revolution\modTemplate!
[2021-12-01 14:56:26] (ERROR @ C:\!Genesys_archives\M-Denta\Layout\release\core\xpdo\xpdo.class.php : 644) Could not load class: MODX\Revolution\modTemplate from mysql.modx\revolution\modtemplate.
[2021-12-01 14:56:26] (ERROR @ C:\!Genesys_archives\M-Denta\Layout\release\core\xpdo\xpdo.class.php : 762) MODX\Revolution\modTemplate::load() is not a valid static method.
[2021-12-01 14:58:07] (ERROR @ C:\!Genesys_archives\M-Denta\Layout\release\core\xpdo\xpdo.class.php : 644) Could not load class: MODX\Revolution\modTemplate from mysql.modx\revolution\modtemplate.
[2021-12-01 14:58:07] (ERROR @ C:\!Genesys_archives\M-Denta\Layout\release\core\xpdo\xpdo.class.php : 1656) Could not load class MODX\Revolution\modTemplate!
[2021-12-01 14:58:07] (ERROR @ C:\!Genesys_archives\M-Denta\Layout\release\core\xpdo\xpdo.class.php : 644) Could not load class: MODX\Revolution\modTemplate from mysql.modx\revolution\modtemplate.
[2021-12-01 14:58:07] (ERROR @ C:\!Genesys_archives\M-Denta\Layout\release\core\xpdo\xpdo.class.php : 762) MODX\Revolution\modTemplate::load() is not a valid static method.
[2021-12-01 15:14:42] (ERROR @ C:\!Genesys_archives\M-Denta\Layout\release\core\model\modx\modx.class.php : 1772) Processor C:/!Genesys_archives/M-Denta/Layout/release/core/model/modx/processors/element/template/templatevar/getlist.php does not exist; Array
(
    [action] => element/template/templatevar/getlist
)

[2021-12-01 15:15:02] (ERROR @ C:\!Genesys_archives\M-Denta\Layout\release\core\xpdo\xpdo.class.php : 644) Could not load class: MODX\Revolution\modTemplate from mysql.modx\revolution\modtemplate.
[2021-12-01 15:15:02] (ERROR @ C:\!Genesys_archives\M-Denta\Layout\release\core\xpdo\xpdo.class.php : 1656) Could not load class MODX\Revolution\modTemplate!
[2021-12-01 15:15:02] (ERROR @ C:\!Genesys_archives\M-Denta\Layout\release\core\xpdo\xpdo.class.php : 644) Could not load class: MODX\Revolution\modTemplate from mysql.modx\revolution\modtemplate.
[2021-12-01 15:15:02] (ERROR @ C:\!Genesys_archives\M-Denta\Layout\release\core\xpdo\xpdo.class.php : 762) MODX\Revolution\modTemplate::load() is not a valid static method.
[2021-12-01 15:15:13] (ERROR @ C:\!Genesys_archives\M-Denta\Layout\release\core\xpdo\xpdo.class.php : 644) Could not load class: MODX\Revolution\modTemplate from mysql.modx\revolution\modtemplate.
[2021-12-01 15:15:13] (ERROR @ C:\!Genesys_archives\M-Denta\Layout\release\core\xpdo\xpdo.class.php : 1656) Could not load class MODX\Revolution\modTemplate!
[2021-12-01 15:15:13] (ERROR @ C:\!Genesys_archives\M-Denta\Layout\release\core\xpdo\xpdo.class.php : 644) Could not load class: MODX\Revolution\modTemplate from mysql.modx\revolution\modtemplate.
[2021-12-01 15:15:13] (ERROR @ C:\!Genesys_archives\M-Denta\Layout\release\core\xpdo\xpdo.class.php : 762) MODX\Revolution\modTemplate::load() is not a valid static method.
[2021-12-01 15:27:29] (ERROR in xPDO::getService @ C:\!Genesys_archives\M-Denta\Layout\release\core\xpdo\xpdo.class.php : 1235) modRestClient::__construct is deprecated since version 2.3.0. Use the modRest classes instead.
[2021-12-01 15:27:29] (ERROR in modRestCurlClient::__construct @ C:\!Genesys_archives\M-Denta\Layout\release\core\model\modx\rest\modrestcurlclient.class.php : 26) modRestClient::__construct is deprecated since version 2.3.0. Use the modRest classes instead.
[2021-12-01 15:27:29] (ERROR in xPDO::getService @ C:\!Genesys_archives\M-Denta\Layout\release\core\xpdo\xpdo.class.php : 1235) modRestClient::__construct is deprecated since version 2.3.0. Use the modRest classes instead.
[2021-12-01 15:27:29] (ERROR in modRestCurlClient::__construct @ C:\!Genesys_archives\M-Denta\Layout\release\core\model\modx\rest\modrestcurlclient.class.php : 26) modRestClient::__construct is deprecated since version 2.3.0. Use the modRest classes instead.
[2021-12-01 15:27:29] (ERROR in xPDO::getService @ C:\!Genesys_archives\M-Denta\Layout\release\core\xpdo\xpdo.class.php : 1235) modRestClient::__construct is deprecated since version 2.3.0. Use the modRest classes instead.
[2021-12-01 15:27:29] (ERROR in modRestCurlClient::__construct @ C:\!Genesys_archives\M-Denta\Layout\release\core\model\modx\rest\modrestcurlclient.class.php : 26) modRestClient::__construct is deprecated since version 2.3.0. Use the modRest classes instead.
[2021-12-01 15:27:35] (ERROR in xPDO::getService @ C:\!Genesys_archives\M-Denta\Layout\release\core\xpdo\xpdo.class.php : 1235) modRestClient::__construct is deprecated since version 2.3.0. Use the modRest classes instead.
[2021-12-01 15:27:35] (ERROR in modRestCurlClient::__construct @ C:\!Genesys_archives\M-Denta\Layout\release\core\model\modx\rest\modrestcurlclient.class.php : 26) modRestClient::__construct is deprecated since version 2.3.0. Use the modRest classes instead.
[2021-12-01 15:27:35] (ERROR in xPDO::getService @ C:\!Genesys_archives\M-Denta\Layout\release\core\xpdo\xpdo.class.php : 1235) modRestClient::__construct is deprecated since version 2.3.0. Use the modRest classes instead.
[2021-12-01 15:27:35] (ERROR in modRestCurlClient::__construct @ C:\!Genesys_archives\M-Denta\Layout\release\core\model\modx\rest\modrestcurlclient.class.php : 26) modRestClient::__construct is deprecated since version 2.3.0. Use the modRest classes instead.
[2021-12-01 15:27:54] (ERROR in xPDO::getService @ C:\!Genesys_archives\M-Denta\Layout\release\core\xpdo\xpdo.class.php : 1235) modRestClient::__construct is deprecated since version 2.3.0. Use the modRest classes instead.
[2021-12-01 15:27:54] (ERROR in modRestCurlClient::__construct @ C:\!Genesys_archives\M-Denta\Layout\release\core\model\modx\rest\modrestcurlclient.class.php : 26) modRestClient::__construct is deprecated since version 2.3.0. Use the modRest classes instead.
[2021-12-01 15:28:01] (ERROR in xPDO::getService @ C:\!Genesys_archives\M-Denta\Layout\release\core\xpdo\xpdo.class.php : 1235) modRestClient::__construct is deprecated since version 2.3.0. Use the modRest classes instead.
[2021-12-01 15:28:01] (ERROR in modRestCurlClient::__construct @ C:\!Genesys_archives\M-Denta\Layout\release\core\model\modx\rest\modrestcurlclient.class.php : 26) modRestClient::__construct is deprecated since version 2.3.0. Use the modRest classes instead.
[2021-12-01 15:28:10] (ERROR in xPDO::getService @ C:\!Genesys_archives\M-Denta\Layout\release\core\xpdo\xpdo.class.php : 1235) modRestClient::__construct is deprecated since version 2.3.0. Use the modRest classes instead.
[2021-12-01 15:28:10] (ERROR in modRestCurlClient::__construct @ C:\!Genesys_archives\M-Denta\Layout\release\core\model\modx\rest\modrestcurlclient.class.php : 26) modRestClient::__construct is deprecated since version 2.3.0. Use the modRest classes instead.
[2021-12-01 15:28:10] (ERROR in xPDO::getService @ C:\!Genesys_archives\M-Denta\Layout\release\core\xpdo\xpdo.class.php : 1235) modRestClient::__construct is deprecated since version 2.3.0. Use the modRest classes instead.
[2021-12-01 15:28:10] (ERROR in modRestCurlClient::__construct @ C:\!Genesys_archives\M-Denta\Layout\release\core\model\modx\rest\modrestcurlclient.class.php : 26) modRestClient::__construct is deprecated since version 2.3.0. Use the modRest classes instead.
[2021-12-01 15:28:19] (ERROR in xPDO::getService @ C:\!Genesys_archives\M-Denta\Layout\release\core\xpdo\xpdo.class.php : 1235) modRestClient::__construct is deprecated since version 2.3.0. Use the modRest classes instead.
[2021-12-01 15:28:19] (ERROR in modRestCurlClient::__construct @ C:\!Genesys_archives\M-Denta\Layout\release\core\model\modx\rest\modrestcurlclient.class.php : 26) modRestClient::__construct is deprecated since version 2.3.0. Use the modRest classes instead.
[2021-12-01 15:34:01] (ERROR @ C:\!Genesys_archives\M-Denta\Layout\release\core\xpdo\om\xpdoobject.class.php : 240) Error 42000 executing statement: 
Array
(
    [0] => 42000
    [1] => 1055
    [2] => Expression #1 of SELECT list is not in GROUP BY clause and contains nonaggregated column 'mdenta.migxConfig.id' which is not functionally dependent on columns in GROUP BY clause; this is incompatible with sql_mode=only_full_group_by
)

[2021-12-01 15:34:01] (ERROR @ C:\!Genesys_archives\M-Denta\Layout\release\core\xpdo\om\xpdoobject.class.php : 240) Error 42000 executing statement: 
Array
(
    [0] => 42000
    [1] => 1055
    [2] => Expression #1 of SELECT list is not in GROUP BY clause and contains nonaggregated column 'mdenta.migxConfig.id' which is not functionally dependent on columns in GROUP BY clause; this is incompatible with sql_mode=only_full_group_by
)

[2021-12-01 15:34:02] (ERROR @ C:\!Genesys_archives\M-Denta\Layout\release\core\xpdo\om\xpdoobject.class.php : 240) Error 42000 executing statement: 
Array
(
    [0] => 42000
    [1] => 1055
    [2] => Expression #1 of SELECT list is not in GROUP BY clause and contains nonaggregated column 'mdenta.migxConfig.id' which is not functionally dependent on columns in GROUP BY clause; this is incompatible with sql_mode=only_full_group_by
)

[2021-12-01 15:34:02] (ERROR @ C:\!Genesys_archives\M-Denta\Layout\release\core\xpdo\om\xpdoobject.class.php : 240) Error 42000 executing statement: 
Array
(
    [0] => 42000
    [1] => 1055
    [2] => Expression #1 of SELECT list is not in GROUP BY clause and contains nonaggregated column 'mdenta.migxConfig.id' which is not functionally dependent on columns in GROUP BY clause; this is incompatible with sql_mode=only_full_group_by
)

[2021-12-01 15:34:06] (ERROR @ C:\!Genesys_archives\M-Denta\Layout\release\core\xpdo\om\xpdoobject.class.php : 240) Error 42000 executing statement: 
Array
(
    [0] => 42000
    [1] => 1055
    [2] => Expression #1 of SELECT list is not in GROUP BY clause and contains nonaggregated column 'mdenta.migxConfig.id' which is not functionally dependent on columns in GROUP BY clause; this is incompatible with sql_mode=only_full_group_by
)

[2021-12-01 15:34:06] (ERROR @ C:\!Genesys_archives\M-Denta\Layout\release\core\xpdo\om\xpdoobject.class.php : 240) Error 42000 executing statement: 
Array
(
    [0] => 42000
    [1] => 1055
    [2] => Expression #1 of SELECT list is not in GROUP BY clause and contains nonaggregated column 'mdenta.migxConfig.id' which is not functionally dependent on columns in GROUP BY clause; this is incompatible with sql_mode=only_full_group_by
)

[2021-12-01 15:34:42] (ERROR @ C:\!Genesys_archives\M-Denta\Layout\release\core\xpdo\om\xpdoobject.class.php : 240) Error 42000 executing statement: 
Array
(
    [0] => 42000
    [1] => 1055
    [2] => Expression #1 of SELECT list is not in GROUP BY clause and contains nonaggregated column 'mdenta.migxConfig.id' which is not functionally dependent on columns in GROUP BY clause; this is incompatible with sql_mode=only_full_group_by
)

[2021-12-01 15:34:42] (ERROR in modProcessor::run @ C:\!Genesys_archives\M-Denta\Layout\release\core\model\modx\modprocessor.class.php : 185) Flat file processor support, used for action mgr/migxdb/update with path C:/!Genesys_archives/M-Denta/Layout/release/core/components/migx/processors/mgr/migxdb/update.php, is deprecated since version 2.7.0. 
[2021-12-01 15:34:42] (ERROR @ C:\!Genesys_archives\M-Denta\Layout\release\core\xpdo\om\xpdoobject.class.php : 240) Error 42000 executing statement: 
Array
(
    [0] => 42000
    [1] => 1055
    [2] => Expression #1 of SELECT list is not in GROUP BY clause and contains nonaggregated column 'mdenta.migxConfig.id' which is not functionally dependent on columns in GROUP BY clause; this is incompatible with sql_mode=only_full_group_by
)

[2021-12-01 15:34:42] (ERROR @ C:\!Genesys_archives\M-Denta\Layout\release\core\components\migx\processors\mgr\migxconfigs\update.php : 406) modCacheManager::clearCache is deprecated since version 2.1.0. Use modCacheManager::refresh() instead.
[2021-12-01 15:34:43] (ERROR @ C:\!Genesys_archives\M-Denta\Layout\release\core\xpdo\om\xpdoobject.class.php : 240) Error 42000 executing statement: 
Array
(
    [0] => 42000
    [1] => 1055
    [2] => Expression #1 of SELECT list is not in GROUP BY clause and contains nonaggregated column 'mdenta.migxConfig.id' which is not functionally dependent on columns in GROUP BY clause; this is incompatible with sql_mode=only_full_group_by
)

[2021-12-01 15:34:48] (ERROR @ C:\!Genesys_archives\M-Denta\Layout\release\core\xpdo\om\xpdoobject.class.php : 240) Error 42000 executing statement: 
Array
(
    [0] => 42000
    [1] => 1055
    [2] => Expression #1 of SELECT list is not in GROUP BY clause and contains nonaggregated column 'mdenta.migxConfig.id' which is not functionally dependent on columns in GROUP BY clause; this is incompatible with sql_mode=only_full_group_by
)

[2021-12-01 15:34:48] (ERROR @ C:\!Genesys_archives\M-Denta\Layout\release\core\xpdo\om\xpdoobject.class.php : 240) Error 42000 executing statement: 
Array
(
    [0] => 42000
    [1] => 1055
    [2] => Expression #1 of SELECT list is not in GROUP BY clause and contains nonaggregated column 'mdenta.migxConfig.id' which is not functionally dependent on columns in GROUP BY clause; this is incompatible with sql_mode=only_full_group_by
)

[2021-12-01 15:36:46] (ERROR @ C:\!Genesys_archives\M-Denta\Layout\release\core\xpdo\om\xpdoobject.class.php : 240) Error 42000 executing statement: 
Array
(
    [0] => 42000
    [1] => 1055
    [2] => Expression #1 of SELECT list is not in GROUP BY clause and contains nonaggregated column 'mdenta.migxConfig.id' which is not functionally dependent on columns in GROUP BY clause; this is incompatible with sql_mode=only_full_group_by
)

[2021-12-01 15:36:46] (ERROR @ C:\!Genesys_archives\M-Denta\Layout\release\core\xpdo\om\xpdoobject.class.php : 240) Error 42000 executing statement: 
Array
(
    [0] => 42000
    [1] => 1055
    [2] => Expression #1 of SELECT list is not in GROUP BY clause and contains nonaggregated column 'mdenta.migxConfig.id' which is not functionally dependent on columns in GROUP BY clause; this is incompatible with sql_mode=only_full_group_by
)

[2021-12-01 15:36:49] (ERROR @ C:\!Genesys_archives\M-Denta\Layout\release\core\xpdo\om\xpdoobject.class.php : 240) Error 42000 executing statement: 
Array
(
    [0] => 42000
    [1] => 1055
    [2] => Expression #1 of SELECT list is not in GROUP BY clause and contains nonaggregated column 'mdenta.migxConfig.id' which is not functionally dependent on columns in GROUP BY clause; this is incompatible with sql_mode=only_full_group_by
)

[2021-12-01 15:36:49] (ERROR @ C:\!Genesys_archives\M-Denta\Layout\release\core\xpdo\om\xpdoobject.class.php : 240) Error 42000 executing statement: 
Array
(
    [0] => 42000
    [1] => 1055
    [2] => Expression #1 of SELECT list is not in GROUP BY clause and contains nonaggregated column 'mdenta.migxConfig.id' which is not functionally dependent on columns in GROUP BY clause; this is incompatible with sql_mode=only_full_group_by
)

[2021-12-01 15:36:58] (ERROR @ C:\!Genesys_archives\M-Denta\Layout\release\core\xpdo\om\xpdoobject.class.php : 240) Error 42000 executing statement: 
Array
(
    [0] => 42000
    [1] => 1055
    [2] => Expression #1 of SELECT list is not in GROUP BY clause and contains nonaggregated column 'mdenta.migxConfig.id' which is not functionally dependent on columns in GROUP BY clause; this is incompatible with sql_mode=only_full_group_by
)

[2021-12-01 15:36:58] (ERROR in modProcessor::run @ C:\!Genesys_archives\M-Denta\Layout\release\core\model\modx\modprocessor.class.php : 185) Flat file processor support, used for action mgr/migxdb/update with path C:/!Genesys_archives/M-Denta/Layout/release/core/components/migx/processors/mgr/migxdb/update.php, is deprecated since version 2.7.0. 
[2021-12-01 15:36:58] (ERROR @ C:\!Genesys_archives\M-Denta\Layout\release\core\components\migx\processors\mgr\migxconfigs\update.php : 406) modCacheManager::clearCache is deprecated since version 2.1.0. Use modCacheManager::refresh() instead.
[2021-12-01 15:36:59] (ERROR @ C:\!Genesys_archives\M-Denta\Layout\release\core\xpdo\om\xpdoobject.class.php : 240) Error 42000 executing statement: 
Array
(
    [0] => 42000
    [1] => 1055
    [2] => Expression #1 of SELECT list is not in GROUP BY clause and contains nonaggregated column 'mdenta.migxConfig.id' which is not functionally dependent on columns in GROUP BY clause; this is incompatible with sql_mode=only_full_group_by
)

[2021-12-01 15:37:08] (ERROR @ C:\!Genesys_archives\M-Denta\Layout\release\core\xpdo\om\xpdoobject.class.php : 240) Error 42000 executing statement: 
Array
(
    [0] => 42000
    [1] => 1055
    [2] => Expression #1 of SELECT list is not in GROUP BY clause and contains nonaggregated column 'mdenta.migxConfig.id' which is not functionally dependent on columns in GROUP BY clause; this is incompatible with sql_mode=only_full_group_by
)

[2021-12-01 15:37:08] (ERROR @ C:\!Genesys_archives\M-Denta\Layout\release\core\xpdo\om\xpdoobject.class.php : 240) Error 42000 executing statement: 
Array
(
    [0] => 42000
    [1] => 1055
    [2] => Expression #1 of SELECT list is not in GROUP BY clause and contains nonaggregated column 'mdenta.migxConfig.id' which is not functionally dependent on columns in GROUP BY clause; this is incompatible with sql_mode=only_full_group_by
)

[2021-12-01 15:37:17] (ERROR @ C:\!Genesys_archives\M-Denta\Layout\release\core\xpdo\om\xpdoobject.class.php : 240) Error 42000 executing statement: 
Array
(
    [0] => 42000
    [1] => 1055
    [2] => Expression #1 of SELECT list is not in GROUP BY clause and contains nonaggregated column 'mdenta.migxConfig.id' which is not functionally dependent on columns in GROUP BY clause; this is incompatible with sql_mode=only_full_group_by
)

[2021-12-01 15:37:17] (ERROR in modProcessor::run @ C:\!Genesys_archives\M-Denta\Layout\release\core\model\modx\modprocessor.class.php : 185) Flat file processor support, used for action mgr/migxdb/update with path C:/!Genesys_archives/M-Denta/Layout/release/core/components/migx/processors/mgr/migxdb/update.php, is deprecated since version 2.7.0. 
[2021-12-01 15:37:17] (ERROR @ C:\!Genesys_archives\M-Denta\Layout\release\core\xpdo\om\xpdoobject.class.php : 240) Error 42000 executing statement: 
Array
(
    [0] => 42000
    [1] => 1055
    [2] => Expression #1 of SELECT list is not in GROUP BY clause and contains nonaggregated column 'mdenta.migxConfig.id' which is not functionally dependent on columns in GROUP BY clause; this is incompatible with sql_mode=only_full_group_by
)

[2021-12-01 15:37:17] (ERROR @ C:\!Genesys_archives\M-Denta\Layout\release\core\components\migx\processors\mgr\migxconfigs\update.php : 406) modCacheManager::clearCache is deprecated since version 2.1.0. Use modCacheManager::refresh() instead.
[2021-12-01 15:37:18] (ERROR @ C:\!Genesys_archives\M-Denta\Layout\release\core\xpdo\om\xpdoobject.class.php : 240) Error 42000 executing statement: 
Array
(
    [0] => 42000
    [1] => 1055
    [2] => Expression #1 of SELECT list is not in GROUP BY clause and contains nonaggregated column 'mdenta.migxConfig.id' which is not functionally dependent on columns in GROUP BY clause; this is incompatible with sql_mode=only_full_group_by
)

[2021-12-01 15:37:23] (ERROR @ C:\!Genesys_archives\M-Denta\Layout\release\core\components\migx\model\migx\migx.class.php : 2862) PHP warning: Invalid argument supplied for foreach()
[2021-12-01 15:37:23] (ERROR @ C:\!Genesys_archives\M-Denta\Layout\release\core\components\migx\model\migx\migx.class.php : 2862) PHP warning: Invalid argument supplied for foreach()
[2021-12-01 15:37:23] (ERROR @ C:\!Genesys_archives\M-Denta\Layout\release\core\components\migx\model\migx\migx.class.php : 2862) PHP warning: Invalid argument supplied for foreach()
[2021-12-01 15:37:23] (ERROR @ C:\!Genesys_archives\M-Denta\Layout\release\core\components\migx\model\migx\migx.class.php : 2862) PHP warning: Invalid argument supplied for foreach()
[2021-12-01 15:37:23] (ERROR @ C:\!Genesys_archives\M-Denta\Layout\release\core\components\migx\model\migx\migx.class.php : 2862) PHP warning: Invalid argument supplied for foreach()
[2021-12-01 15:37:23] (ERROR @ C:\!Genesys_archives\M-Denta\Layout\release\core\components\migx\model\migx\migx.class.php : 2862) PHP warning: Invalid argument supplied for foreach()
[2021-12-01 15:37:23] (ERROR @ C:\!Genesys_archives\M-Denta\Layout\release\core\components\migx\model\migx\migx.class.php : 2862) PHP warning: Invalid argument supplied for foreach()
[2021-12-01 15:37:23] (ERROR @ C:\!Genesys_archives\M-Denta\Layout\release\core\components\migx\model\migx\migx.class.php : 2862) PHP warning: Invalid argument supplied for foreach()
[2021-12-01 15:37:23] (ERROR @ C:\!Genesys_archives\M-Denta\Layout\release\core\components\migx\model\migx\migx.class.php : 2862) PHP warning: Invalid argument supplied for foreach()
[2021-12-01 15:37:23] (ERROR @ C:\!Genesys_archives\M-Denta\Layout\release\core\components\migx\model\migx\migx.class.php : 2862) PHP warning: Invalid argument supplied for foreach()
[2021-12-01 15:37:23] (ERROR @ C:\!Genesys_archives\M-Denta\Layout\release\core\components\migx\model\migx\migx.class.php : 2862) PHP warning: Invalid argument supplied for foreach()
[2021-12-01 15:37:23] (ERROR @ C:\!Genesys_archives\M-Denta\Layout\release\core\components\migx\model\migx\migx.class.php : 2862) PHP warning: Invalid argument supplied for foreach()
[2021-12-01 15:37:23] (ERROR @ C:\!Genesys_archives\M-Denta\Layout\release\core\components\migx\model\migx\migx.class.php : 2862) PHP warning: Invalid argument supplied for foreach()
[2021-12-01 15:37:23] (ERROR @ C:\!Genesys_archives\M-Denta\Layout\release\core\components\migx\model\migx\migx.class.php : 2862) PHP warning: Invalid argument supplied for foreach()
[2021-12-01 15:37:23] (ERROR @ C:\!Genesys_archives\M-Denta\Layout\release\core\components\migx\model\migx\migx.class.php : 2862) PHP warning: Invalid argument supplied for foreach()
[2021-12-01 15:37:23] (ERROR @ C:\!Genesys_archives\M-Denta\Layout\release\core\components\migx\model\migx\migx.class.php : 2862) PHP warning: Invalid argument supplied for foreach()
[2021-12-01 15:37:23] (ERROR @ C:\!Genesys_archives\M-Denta\Layout\release\core\components\migx\model\migx\migx.class.php : 2862) PHP warning: Invalid argument supplied for foreach()
[2021-12-01 15:37:23] (ERROR @ C:\!Genesys_archives\M-Denta\Layout\release\core\components\migx\model\migx\migx.class.php : 2862) PHP warning: Invalid argument supplied for foreach()
[2021-12-01 15:37:23] (ERROR @ C:\!Genesys_archives\M-Denta\Layout\release\core\components\migx\model\migx\migx.class.php : 2862) PHP warning: Invalid argument supplied for foreach()
[2021-12-01 15:37:23] (ERROR @ C:\!Genesys_archives\M-Denta\Layout\release\core\components\migx\model\migx\migx.class.php : 2862) PHP warning: Invalid argument supplied for foreach()
[2021-12-01 15:37:23] (ERROR @ C:\!Genesys_archives\M-Denta\Layout\release\core\components\migx\model\migx\migx.class.php : 2862) PHP warning: Invalid argument supplied for foreach()
[2021-12-01 15:37:23] (ERROR @ C:\!Genesys_archives\M-Denta\Layout\release\core\components\migx\model\migx\migx.class.php : 2862) PHP warning: Invalid argument supplied for foreach()
[2021-12-01 15:37:23] (ERROR @ C:\!Genesys_archives\M-Denta\Layout\release\core\components\migx\model\migx\migx.class.php : 2862) PHP warning: Invalid argument supplied for foreach()
[2021-12-01 15:37:23] (ERROR @ C:\!Genesys_archives\M-Denta\Layout\release\core\components\migx\model\migx\migx.class.php : 2862) PHP warning: Invalid argument supplied for foreach()
[2021-12-01 15:37:23] (ERROR @ C:\!Genesys_archives\M-Denta\Layout\release\core\components\migx\model\migx\migx.class.php : 2862) PHP warning: Invalid argument supplied for foreach()
[2021-12-01 15:37:23] (ERROR @ C:\!Genesys_archives\M-Denta\Layout\release\core\components\migx\model\migx\migx.class.php : 2862) PHP warning: Invalid argument supplied for foreach()
[2021-12-01 15:37:23] (ERROR @ C:\!Genesys_archives\M-Denta\Layout\release\core\components\migx\model\migx\migx.class.php : 2862) PHP warning: Invalid argument supplied for foreach()
[2021-12-01 15:37:23] (ERROR @ C:\!Genesys_archives\M-Denta\Layout\release\core\components\migx\model\migx\migx.class.php : 2862) PHP warning: Invalid argument supplied for foreach()
[2021-12-01 15:37:23] (ERROR @ C:\!Genesys_archives\M-Denta\Layout\release\core\components\migx\model\migx\migx.class.php : 2862) PHP warning: Invalid argument supplied for foreach()
[2021-12-01 15:37:23] (ERROR @ C:\!Genesys_archives\M-Denta\Layout\release\core\components\migx\model\migx\migx.class.php : 2862) PHP warning: Invalid argument supplied for foreach()
[2021-12-01 15:37:23] (ERROR @ C:\!Genesys_archives\M-Denta\Layout\release\core\components\migx\model\migx\migx.class.php : 2862) PHP warning: Invalid argument supplied for foreach()
[2021-12-01 15:37:23] (ERROR @ C:\!Genesys_archives\M-Denta\Layout\release\core\components\migx\model\migx\migx.class.php : 2862) PHP warning: Invalid argument supplied for foreach()
[2021-12-01 15:37:23] (ERROR @ C:\!Genesys_archives\M-Denta\Layout\release\core\components\migx\model\migx\migx.class.php : 2862) PHP warning: Invalid argument supplied for foreach()
[2021-12-01 15:37:23] (ERROR @ C:\!Genesys_archives\M-Denta\Layout\release\core\components\migx\model\migx\migx.class.php : 2862) PHP warning: Invalid argument supplied for foreach()
[2021-12-01 15:37:23] (ERROR @ C:\!Genesys_archives\M-Denta\Layout\release\core\components\migx\model\migx\migx.class.php : 2862) PHP warning: Invalid argument supplied for foreach()
[2021-12-01 15:37:23] (ERROR @ C:\!Genesys_archives\M-Denta\Layout\release\core\components\migx\model\migx\migx.class.php : 2862) PHP warning: Invalid argument supplied for foreach()
[2021-12-01 15:37:23] (ERROR @ C:\!Genesys_archives\M-Denta\Layout\release\core\components\migx\model\migx\migx.class.php : 2862) PHP warning: Invalid argument supplied for foreach()
[2021-12-01 15:37:23] (ERROR @ C:\!Genesys_archives\M-Denta\Layout\release\core\components\migx\model\migx\migx.class.php : 2862) PHP warning: Invalid argument supplied for foreach()
[2021-12-01 15:37:23] (ERROR @ C:\!Genesys_archives\M-Denta\Layout\release\core\components\migx\model\migx\migx.class.php : 2862) PHP warning: Invalid argument supplied for foreach()
[2021-12-01 15:37:23] (ERROR @ C:\!Genesys_archives\M-Denta\Layout\release\core\components\migx\model\migx\migx.class.php : 2862) PHP warning: Invalid argument supplied for foreach()
[2021-12-01 15:37:23] (ERROR @ C:\!Genesys_archives\M-Denta\Layout\release\core\components\migx\model\migx\migx.class.php : 2862) PHP warning: Invalid argument supplied for foreach()
[2021-12-01 15:37:23] (ERROR @ C:\!Genesys_archives\M-Denta\Layout\release\core\components\migx\model\migx\migx.class.php : 2862) PHP warning: Invalid argument supplied for foreach()
[2021-12-01 15:37:23] (ERROR @ C:\!Genesys_archives\M-Denta\Layout\release\core\components\migx\model\migx\migx.class.php : 2862) PHP warning: Invalid argument supplied for foreach()
[2021-12-01 15:37:23] (ERROR @ C:\!Genesys_archives\M-Denta\Layout\release\core\components\migx\model\migx\migx.class.php : 2862) PHP warning: Invalid argument supplied for foreach()
[2021-12-01 15:37:23] (ERROR @ C:\!Genesys_archives\M-Denta\Layout\release\core\components\migx\model\migx\migx.class.php : 2862) PHP warning: Invalid argument supplied for foreach()
[2021-12-01 15:37:23] (ERROR @ C:\!Genesys_archives\M-Denta\Layout\release\core\components\migx\model\migx\migx.class.php : 2862) PHP warning: Invalid argument supplied for foreach()
[2021-12-01 15:37:23] (ERROR @ C:\!Genesys_archives\M-Denta\Layout\release\core\components\migx\model\migx\migx.class.php : 2862) PHP warning: Invalid argument supplied for foreach()
[2021-12-01 15:37:23] (ERROR @ C:\!Genesys_archives\M-Denta\Layout\release\core\components\migx\model\migx\migx.class.php : 2862) PHP warning: Invalid argument supplied for foreach()
[2021-12-01 15:37:23] (ERROR @ C:\!Genesys_archives\M-Denta\Layout\release\core\components\migx\model\migx\migx.class.php : 2862) PHP warning: Invalid argument supplied for foreach()
[2021-12-01 15:37:23] (ERROR @ C:\!Genesys_archives\M-Denta\Layout\release\core\components\migx\model\migx\migx.class.php : 2862) PHP warning: Invalid argument supplied for foreach()
[2021-12-01 15:37:23] (ERROR @ C:\!Genesys_archives\M-Denta\Layout\release\core\components\migx\model\migx\migx.class.php : 2862) PHP warning: Invalid argument supplied for foreach()
[2021-12-01 15:37:23] (ERROR @ C:\!Genesys_archives\M-Denta\Layout\release\core\components\migx\model\migx\migx.class.php : 2862) PHP warning: Invalid argument supplied for foreach()
[2021-12-01 15:37:23] (ERROR @ C:\!Genesys_archives\M-Denta\Layout\release\core\components\migx\model\migx\migx.class.php : 2862) PHP warning: Invalid argument supplied for foreach()
[2021-12-01 15:37:23] (ERROR @ C:\!Genesys_archives\M-Denta\Layout\release\core\components\migx\model\migx\migx.class.php : 2862) PHP warning: Invalid argument supplied for foreach()
[2021-12-01 15:37:23] (ERROR @ C:\!Genesys_archives\M-Denta\Layout\release\core\components\migx\model\migx\migx.class.php : 2862) PHP warning: Invalid argument supplied for foreach()
[2021-12-01 15:37:23] (ERROR @ C:\!Genesys_archives\M-Denta\Layout\release\core\components\migx\model\migx\migx.class.php : 2862) PHP warning: Invalid argument supplied for foreach()
[2021-12-01 15:37:23] (ERROR @ C:\!Genesys_archives\M-Denta\Layout\release\core\components\migx\model\migx\migx.class.php : 2862) PHP warning: Invalid argument supplied for foreach()
[2021-12-01 15:37:23] (ERROR @ C:\!Genesys_archives\M-Denta\Layout\release\core\components\migx\model\migx\migx.class.php : 2862) PHP warning: Invalid argument supplied for foreach()
[2021-12-01 15:37:23] (ERROR @ C:\!Genesys_archives\M-Denta\Layout\release\core\components\migx\model\migx\migx.class.php : 2862) PHP warning: Invalid argument supplied for foreach()
[2021-12-01 15:37:23] (ERROR @ C:\!Genesys_archives\M-Denta\Layout\release\core\components\migx\model\migx\migx.class.php : 2862) PHP warning: Invalid argument supplied for foreach()
[2021-12-01 15:37:23] (ERROR @ C:\!Genesys_archives\M-Denta\Layout\release\core\components\migx\model\migx\migx.class.php : 2862) PHP warning: Invalid argument supplied for foreach()
[2021-12-01 15:37:23] (ERROR @ C:\!Genesys_archives\M-Denta\Layout\release\core\components\migx\model\migx\migx.class.php : 2862) PHP warning: Invalid argument supplied for foreach()
[2021-12-01 15:37:30] (ERROR in modProcessor::run @ C:\!Genesys_archives\M-Denta\Layout\release\core\model\modx\modprocessor.class.php : 185) Flat file processor support, used for action mgr/migxdb/update with path C:/!Genesys_archives/M-Denta/Layout/release/core/components/migx/processors/mgr/migxdb/update.php, is deprecated since version 2.7.0. 
[2021-12-01 15:37:30] (ERROR @ C:\!Genesys_archives\M-Denta\Layout\release\core\components\migx\processors\mgr\migxconfigs\update.php : 406) modCacheManager::clearCache is deprecated since version 2.1.0. Use modCacheManager::refresh() instead.
[2021-12-01 15:37:30] (ERROR @ C:\!Genesys_archives\M-Denta\Layout\release\core\xpdo\om\xpdoobject.class.php : 240) Error 42000 executing statement: 
Array
(
    [0] => 42000
    [1] => 1055
    [2] => Expression #1 of SELECT list is not in GROUP BY clause and contains nonaggregated column 'mdenta.migxConfig.id' which is not functionally dependent on columns in GROUP BY clause; this is incompatible with sql_mode=only_full_group_by
)

[2021-12-01 15:37:37] (ERROR @ C:\!Genesys_archives\M-Denta\Layout\release\core\xpdo\om\xpdoobject.class.php : 240) Error 42000 executing statement: 
Array
(
    [0] => 42000
    [1] => 1055
    [2] => Expression #1 of SELECT list is not in GROUP BY clause and contains nonaggregated column 'mdenta.migxConfig.id' which is not functionally dependent on columns in GROUP BY clause; this is incompatible with sql_mode=only_full_group_by
)

[2021-12-01 15:37:37] (ERROR @ C:\!Genesys_archives\M-Denta\Layout\release\core\xpdo\om\xpdoobject.class.php : 240) Error 42000 executing statement: 
Array
(
    [0] => 42000
    [1] => 1055
    [2] => Expression #1 of SELECT list is not in GROUP BY clause and contains nonaggregated column 'mdenta.migxConfig.id' which is not functionally dependent on columns in GROUP BY clause; this is incompatible with sql_mode=only_full_group_by
)

[2021-12-01 15:38:25] (ERROR @ C:\!Genesys_archives\M-Denta\Layout\release\core\xpdo\om\xpdoobject.class.php : 240) Error 42000 executing statement: 
Array
(
    [0] => 42000
    [1] => 1055
    [2] => Expression #1 of SELECT list is not in GROUP BY clause and contains nonaggregated column 'mdenta.migxConfig.id' which is not functionally dependent on columns in GROUP BY clause; this is incompatible with sql_mode=only_full_group_by
)

[2021-12-01 15:38:25] (ERROR in modProcessor::run @ C:\!Genesys_archives\M-Denta\Layout\release\core\model\modx\modprocessor.class.php : 185) Flat file processor support, used for action mgr/migxdb/update with path C:/!Genesys_archives/M-Denta/Layout/release/core/components/migx/processors/mgr/migxdb/update.php, is deprecated since version 2.7.0. 
[2021-12-01 15:38:25] (ERROR @ C:\!Genesys_archives\M-Denta\Layout\release\core\xpdo\om\xpdoobject.class.php : 240) Error 42000 executing statement: 
Array
(
    [0] => 42000
    [1] => 1055
    [2] => Expression #1 of SELECT list is not in GROUP BY clause and contains nonaggregated column 'mdenta.migxConfig.id' which is not functionally dependent on columns in GROUP BY clause; this is incompatible with sql_mode=only_full_group_by
)

[2021-12-01 15:38:25] (ERROR @ C:\!Genesys_archives\M-Denta\Layout\release\core\components\migx\processors\mgr\migxconfigs\update.php : 406) modCacheManager::clearCache is deprecated since version 2.1.0. Use modCacheManager::refresh() instead.
[2021-12-01 15:38:25] (ERROR @ C:\!Genesys_archives\M-Denta\Layout\release\core\xpdo\om\xpdoobject.class.php : 240) Error 42000 executing statement: 
Array
(
    [0] => 42000
    [1] => 1055
    [2] => Expression #1 of SELECT list is not in GROUP BY clause and contains nonaggregated column 'mdenta.migxConfig.id' which is not functionally dependent on columns in GROUP BY clause; this is incompatible with sql_mode=only_full_group_by
)

[2021-12-01 15:38:27] (ERROR @ C:\!Genesys_archives\M-Denta\Layout\release\core\xpdo\om\xpdoobject.class.php : 240) Error 42000 executing statement: 
Array
(
    [0] => 42000
    [1] => 1055
    [2] => Expression #1 of SELECT list is not in GROUP BY clause and contains nonaggregated column 'mdenta.migxConfig.id' which is not functionally dependent on columns in GROUP BY clause; this is incompatible with sql_mode=only_full_group_by
)

[2021-12-01 15:38:27] (ERROR in modProcessor::run @ C:\!Genesys_archives\M-Denta\Layout\release\core\model\modx\modprocessor.class.php : 185) Flat file processor support, used for action mgr/migxdb/update with path C:/!Genesys_archives/M-Denta/Layout/release/core/components/migx/processors/mgr/migxdb/update.php, is deprecated since version 2.7.0. 
[2021-12-01 15:38:27] (ERROR @ C:\!Genesys_archives\M-Denta\Layout\release\core\xpdo\om\xpdoobject.class.php : 240) Error 42000 executing statement: 
Array
(
    [0] => 42000
    [1] => 1055
    [2] => Expression #1 of SELECT list is not in GROUP BY clause and contains nonaggregated column 'mdenta.migxConfig.id' which is not functionally dependent on columns in GROUP BY clause; this is incompatible with sql_mode=only_full_group_by
)

[2021-12-01 15:38:27] (ERROR @ C:\!Genesys_archives\M-Denta\Layout\release\core\components\migx\processors\mgr\migxconfigs\update.php : 406) modCacheManager::clearCache is deprecated since version 2.1.0. Use modCacheManager::refresh() instead.
[2021-12-01 15:38:28] (ERROR @ C:\!Genesys_archives\M-Denta\Layout\release\core\xpdo\om\xpdoobject.class.php : 240) Error 42000 executing statement: 
Array
(
    [0] => 42000
    [1] => 1055
    [2] => Expression #1 of SELECT list is not in GROUP BY clause and contains nonaggregated column 'mdenta.migxConfig.id' which is not functionally dependent on columns in GROUP BY clause; this is incompatible with sql_mode=only_full_group_by
)

[2021-12-01 15:38:52] (ERROR @ C:\!Genesys_archives\M-Denta\Layout\release\core\xpdo\om\xpdoobject.class.php : 240) Error 42000 executing statement: 
Array
(
    [0] => 42000
    [1] => 1055
    [2] => Expression #1 of SELECT list is not in GROUP BY clause and contains nonaggregated column 'mdenta.migxConfig.id' which is not functionally dependent on columns in GROUP BY clause; this is incompatible with sql_mode=only_full_group_by
)

[2021-12-01 15:38:52] (ERROR @ C:\!Genesys_archives\M-Denta\Layout\release\core\xpdo\om\xpdoobject.class.php : 240) Error 42000 executing statement: 
Array
(
    [0] => 42000
    [1] => 1055
    [2] => Expression #1 of SELECT list is not in GROUP BY clause and contains nonaggregated column 'mdenta.migxConfig.id' which is not functionally dependent on columns in GROUP BY clause; this is incompatible with sql_mode=only_full_group_by
)

[2021-12-01 15:38:53] (ERROR @ C:\!Genesys_archives\M-Denta\Layout\release\core\xpdo\om\xpdoobject.class.php : 240) Error 42000 executing statement: 
Array
(
    [0] => 42000
    [1] => 1055
    [2] => Expression #1 of SELECT list is not in GROUP BY clause and contains nonaggregated column 'mdenta.migxConfig.id' which is not functionally dependent on columns in GROUP BY clause; this is incompatible with sql_mode=only_full_group_by
)

[2021-12-01 15:38:53] (ERROR @ C:\!Genesys_archives\M-Denta\Layout\release\core\xpdo\om\xpdoobject.class.php : 240) Error 42000 executing statement: 
Array
(
    [0] => 42000
    [1] => 1055
    [2] => Expression #1 of SELECT list is not in GROUP BY clause and contains nonaggregated column 'mdenta.migxConfig.id' which is not functionally dependent on columns in GROUP BY clause; this is incompatible with sql_mode=only_full_group_by
)

[2021-12-01 15:49:18] (ERROR @ C:\!Genesys_archives\M-Denta\Layout\release\core\model\modx\modx.class.php : 1772) Processor C:/!Genesys_archives/M-Denta/Layout/release/core/model/modx/processors/element/template/templatevar/getlist.php does not exist; Array
(
    [action] => element/template/templatevar/getlist
)

[2021-12-01 15:49:22] (ERROR @ C:\!Genesys_archives\M-Denta\Layout\release\core\xpdo\xpdo.class.php : 644) Could not load class: MODX\Revolution\modTemplate from mysql.modx\revolution\modtemplate.
[2021-12-01 15:49:22] (ERROR @ C:\!Genesys_archives\M-Denta\Layout\release\core\xpdo\xpdo.class.php : 1656) Could not load class MODX\Revolution\modTemplate!
[2021-12-01 15:49:22] (ERROR @ C:\!Genesys_archives\M-Denta\Layout\release\core\xpdo\xpdo.class.php : 644) Could not load class: MODX\Revolution\modTemplate from mysql.modx\revolution\modtemplate.
[2021-12-01 15:49:22] (ERROR @ C:\!Genesys_archives\M-Denta\Layout\release\core\xpdo\xpdo.class.php : 762) MODX\Revolution\modTemplate::load() is not a valid static method.
[2021-12-01 15:49:53] (ERROR @ C:\!Genesys_archives\M-Denta\Layout\release\core\xpdo\xpdo.class.php : 644) Could not load class: MODX\Revolution\modTemplate from mysql.modx\revolution\modtemplate.
[2021-12-01 15:49:53] (ERROR @ C:\!Genesys_archives\M-Denta\Layout\release\core\xpdo\xpdo.class.php : 1656) Could not load class MODX\Revolution\modTemplate!
[2021-12-01 15:49:53] (ERROR @ C:\!Genesys_archives\M-Denta\Layout\release\core\xpdo\xpdo.class.php : 644) Could not load class: MODX\Revolution\modTemplate from mysql.modx\revolution\modtemplate.
[2021-12-01 15:49:53] (ERROR @ C:\!Genesys_archives\M-Denta\Layout\release\core\xpdo\xpdo.class.php : 762) MODX\Revolution\modTemplate::load() is not a valid static method.
[2021-12-01 15:50:50] (ERROR @ C:\!Genesys_archives\M-Denta\Layout\release\core\model\modx\modx.class.php : 1772) Processor C:/!Genesys_archives/M-Denta/Layout/release/core/model/modx/processors/element/template/templatevar/getlist.php does not exist; Array
(
    [action] => element/template/templatevar/getlist
)

[2021-12-01 15:51:01] (ERROR @ C:\!Genesys_archives\M-Denta\Layout\release\core\xpdo\xpdo.class.php : 644) Could not load class: MODX\Revolution\modTemplate from mysql.modx\revolution\modtemplate.
[2021-12-01 15:51:01] (ERROR @ C:\!Genesys_archives\M-Denta\Layout\release\core\xpdo\xpdo.class.php : 1656) Could not load class MODX\Revolution\modTemplate!
[2021-12-01 15:51:01] (ERROR @ C:\!Genesys_archives\M-Denta\Layout\release\core\xpdo\xpdo.class.php : 644) Could not load class: MODX\Revolution\modTemplate from mysql.modx\revolution\modtemplate.
[2021-12-01 15:51:01] (ERROR @ C:\!Genesys_archives\M-Denta\Layout\release\core\xpdo\xpdo.class.php : 762) MODX\Revolution\modTemplate::load() is not a valid static method.
[2021-12-01 15:52:06] (ERROR @ C:\!Genesys_archives\M-Denta\Layout\release\core\xpdo\xpdo.class.php : 644) Could not load class: MODX\Revolution\modTemplate from mysql.modx\revolution\modtemplate.
[2021-12-01 15:52:06] (ERROR @ C:\!Genesys_archives\M-Denta\Layout\release\core\xpdo\xpdo.class.php : 1656) Could not load class MODX\Revolution\modTemplate!
[2021-12-01 15:52:06] (ERROR @ C:\!Genesys_archives\M-Denta\Layout\release\core\xpdo\xpdo.class.php : 644) Could not load class: MODX\Revolution\modTemplate from mysql.modx\revolution\modtemplate.
[2021-12-01 15:52:06] (ERROR @ C:\!Genesys_archives\M-Denta\Layout\release\core\xpdo\xpdo.class.php : 762) MODX\Revolution\modTemplate::load() is not a valid static method.
[2021-12-01 16:32:29] (ERROR @ C:\!Genesys_archives\M-Denta\Layout\release\core\model\modx\modx.class.php : 1772) Processor C:/!Genesys_archives/M-Denta/Layout/release/core/model/modx/processors/element/template/templatevar/getlist.php does not exist; Array
(
    [action] => element/template/templatevar/getlist
)

[2021-12-01 16:42:41] (ERROR @ C:\!Genesys_archives\M-Denta\Layout\release\core\model\modx\modx.class.php : 1772) Processor C:/!Genesys_archives/M-Denta/Layout/release/core/model/modx/processors/element/template/templatevar/getlist.php does not exist; Array
(
    [action] => element/template/templatevar/getlist
)

[2021-12-01 16:42:55] (ERROR @ C:\!Genesys_archives\M-Denta\Layout\release\core\xpdo\xpdo.class.php : 644) Could not load class: MODX\Revolution\modTemplate from mysql.modx\revolution\modtemplate.
[2021-12-01 16:42:55] (ERROR @ C:\!Genesys_archives\M-Denta\Layout\release\core\xpdo\xpdo.class.php : 1656) Could not load class MODX\Revolution\modTemplate!
[2021-12-01 16:42:55] (ERROR @ C:\!Genesys_archives\M-Denta\Layout\release\core\xpdo\xpdo.class.php : 644) Could not load class: MODX\Revolution\modTemplate from mysql.modx\revolution\modtemplate.
[2021-12-01 16:42:55] (ERROR @ C:\!Genesys_archives\M-Denta\Layout\release\core\xpdo\xpdo.class.php : 762) MODX\Revolution\modTemplate::load() is not a valid static method.
[2021-12-01 16:46:20] (ERROR in xPDO::getService @ C:\!Genesys_archives\M-Denta\Layout\release\core\xpdo\xpdo.class.php : 1235) modRestClient::__construct is deprecated since version 2.3.0. Use the modRest classes instead.
[2021-12-01 16:46:20] (ERROR in modRestCurlClient::__construct @ C:\!Genesys_archives\M-Denta\Layout\release\core\model\modx\rest\modrestcurlclient.class.php : 26) modRestClient::__construct is deprecated since version 2.3.0. Use the modRest classes instead.
[2021-12-01 16:46:20] (ERROR in xPDO::getService @ C:\!Genesys_archives\M-Denta\Layout\release\core\xpdo\xpdo.class.php : 1235) modRestClient::__construct is deprecated since version 2.3.0. Use the modRest classes instead.
[2021-12-01 16:46:20] (ERROR in modRestCurlClient::__construct @ C:\!Genesys_archives\M-Denta\Layout\release\core\model\modx\rest\modrestcurlclient.class.php : 26) modRestClient::__construct is deprecated since version 2.3.0. Use the modRest classes instead.
[2021-12-01 16:46:20] (ERROR in xPDO::getService @ C:\!Genesys_archives\M-Denta\Layout\release\core\xpdo\xpdo.class.php : 1235) modRestClient::__construct is deprecated since version 2.3.0. Use the modRest classes instead.
[2021-12-01 16:46:20] (ERROR in modRestCurlClient::__construct @ C:\!Genesys_archives\M-Denta\Layout\release\core\model\modx\rest\modrestcurlclient.class.php : 26) modRestClient::__construct is deprecated since version 2.3.0. Use the modRest classes instead.
[2021-12-01 16:46:21] (ERROR in xPDO::getService @ C:\!Genesys_archives\M-Denta\Layout\release\core\xpdo\xpdo.class.php : 1235) modRestClient::__construct is deprecated since version 2.3.0. Use the modRest classes instead.
[2021-12-01 16:46:21] (ERROR in modRestCurlClient::__construct @ C:\!Genesys_archives\M-Denta\Layout\release\core\model\modx\rest\modrestcurlclient.class.php : 26) modRestClient::__construct is deprecated since version 2.3.0. Use the modRest classes instead.
[2021-12-01 16:46:21] (ERROR in xPDO::getService @ C:\!Genesys_archives\M-Denta\Layout\release\core\xpdo\xpdo.class.php : 1235) modRestClient::__construct is deprecated since version 2.3.0. Use the modRest classes instead.
[2021-12-01 16:46:21] (ERROR in modRestCurlClient::__construct @ C:\!Genesys_archives\M-Denta\Layout\release\core\model\modx\rest\modrestcurlclient.class.php : 26) modRestClient::__construct is deprecated since version 2.3.0. Use the modRest classes instead.
[2021-12-01 16:46:30] (ERROR in xPDO::getService @ C:\!Genesys_archives\M-Denta\Layout\release\core\xpdo\xpdo.class.php : 1235) modRestClient::__construct is deprecated since version 2.3.0. Use the modRest classes instead.
[2021-12-01 16:46:30] (ERROR in modRestCurlClient::__construct @ C:\!Genesys_archives\M-Denta\Layout\release\core\model\modx\rest\modrestcurlclient.class.php : 26) modRestClient::__construct is deprecated since version 2.3.0. Use the modRest classes instead.
[2021-12-01 16:46:33] (ERROR in xPDO::getService @ C:\!Genesys_archives\M-Denta\Layout\release\core\xpdo\xpdo.class.php : 1235) modRestClient::__construct is deprecated since version 2.3.0. Use the modRest classes instead.
[2021-12-01 16:46:33] (ERROR in modRestCurlClient::__construct @ C:\!Genesys_archives\M-Denta\Layout\release\core\model\modx\rest\modrestcurlclient.class.php : 26) modRestClient::__construct is deprecated since version 2.3.0. Use the modRest classes instead.
[2021-12-01 16:46:37] (ERROR in xPDO::getService @ C:\!Genesys_archives\M-Denta\Layout\release\core\xpdo\xpdo.class.php : 1235) modRestClient::__construct is deprecated since version 2.3.0. Use the modRest classes instead.
[2021-12-01 16:46:37] (ERROR in modRestCurlClient::__construct @ C:\!Genesys_archives\M-Denta\Layout\release\core\model\modx\rest\modrestcurlclient.class.php : 26) modRestClient::__construct is deprecated since version 2.3.0. Use the modRest classes instead.
[2021-12-01 16:46:37] (ERROR in xPDO::getService @ C:\!Genesys_archives\M-Denta\Layout\release\core\xpdo\xpdo.class.php : 1235) modRestClient::__construct is deprecated since version 2.3.0. Use the modRest classes instead.
[2021-12-01 16:46:37] (ERROR in modRestCurlClient::__construct @ C:\!Genesys_archives\M-Denta\Layout\release\core\model\modx\rest\modrestcurlclient.class.php : 26) modRestClient::__construct is deprecated since version 2.3.0. Use the modRest classes instead.
[2021-12-01 16:46:51] (ERROR in xPDO::getService @ C:\!Genesys_archives\M-Denta\Layout\release\core\xpdo\xpdo.class.php : 1235) modRestClient::__construct is deprecated since version 2.3.0. Use the modRest classes instead.
[2021-12-01 16:46:51] (ERROR in modRestCurlClient::__construct @ C:\!Genesys_archives\M-Denta\Layout\release\core\model\modx\rest\modrestcurlclient.class.php : 26) modRestClient::__construct is deprecated since version 2.3.0. Use the modRest classes instead.
[2021-12-02 09:52:02] (ERROR @ C:\!Genesys_archives\M-Denta\Layout\release\core\xpdo\om\xpdoquery.class.php : 770) Encountered empty IN condition with key id
[2021-12-02 09:52:39] (ERROR @ C:\!Genesys_archives\M-Denta\Layout\release\core\xpdo\om\xpdoquery.class.php : 770) Encountered empty IN condition with key id
[2021-12-02 09:53:02] (ERROR @ C:\!Genesys_archives\M-Denta\Layout\release\core\xpdo\om\xpdoquery.class.php : 770) Encountered empty IN condition with key id
[2021-12-02 09:54:01] (ERROR @ C:\!Genesys_archives\M-Denta\Layout\release\core\xpdo\om\xpdoquery.class.php : 770) Encountered empty IN condition with key id
[2021-12-02 09:54:41] (ERROR @ C:\!Genesys_archives\M-Denta\Layout\release\core\xpdo\om\xpdoquery.class.php : 770) Encountered empty IN condition with key id
[2021-12-02 09:56:07] (ERROR @ C:\!Genesys_archives\M-Denta\Layout\release\core\xpdo\om\xpdoquery.class.php : 770) Encountered empty IN condition with key id
[2021-12-02 09:57:13] (ERROR @ C:\!Genesys_archives\M-Denta\Layout\release\core\xpdo\om\xpdoquery.class.php : 770) Encountered empty IN condition with key id
[2021-12-02 09:58:48] (ERROR @ C:\!Genesys_archives\M-Denta\Layout\release\core\xpdo\om\xpdoquery.class.php : 770) Encountered empty IN condition with key id
[2021-12-02 10:01:33] (ERROR @ C:\!Genesys_archives\M-Denta\Layout\release\core\xpdo\om\xpdoquery.class.php : 770) Encountered empty IN condition with key id
[2021-12-02 10:02:19] (ERROR @ C:\!Genesys_archives\M-Denta\Layout\release\core\xpdo\om\xpdoquery.class.php : 770) Encountered empty IN condition with key id
[2021-12-02 11:10:15] (ERROR @ C:\!Genesys_archives\M-Denta\Layout\release\core\xpdo\om\xpdoquery.class.php : 770) Encountered empty IN condition with key id
[2021-12-02 12:01:10] (ERROR @ C:\!Genesys_archives\M-Denta\Layout\release\core\xpdo\om\xpdoquery.class.php : 770) Encountered empty IN condition with key id
[2021-12-02 12:02:57] (ERROR @ C:\!Genesys_archives\M-Denta\Layout\release\core\xpdo\om\xpdoquery.class.php : 770) Encountered empty IN condition with key id
[2021-12-02 12:04:22] (ERROR @ C:\!Genesys_archives\M-Denta\Layout\release\core\xpdo\om\xpdoquery.class.php : 770) Encountered empty IN condition with key id
[2021-12-02 12:04:43] (ERROR @ C:\!Genesys_archives\M-Denta\Layout\release\core\xpdo\om\xpdoquery.class.php : 770) Encountered empty IN condition with key id
